2021-10-10 22:49:45,537 INFO org.springframework.boot.StartupInfoLogger [restartedMain] Starting SutdentDemoApplication on DESKTOP-GEH8C3R with PID 14620 (D:\Quest_Global\sutdent_demo\sutdent_demo\target\classes started by user in D:\Quest_Global\sutdent_demo\sutdent_demo)
2021-10-10 22:49:45,537 INFO org.springframework.boot.SpringApplication [restartedMain] No active profile set, falling back to default profiles: default
2021-10-10 22:49:45,631 INFO org.springframework.context.support.AbstractApplicationContext [restartedMain] Refreshing org.springframework.boot.web.servlet.context.AnnotationConfigServletWebServerApplicationContext@499df664: startup date [Sun Oct 10 22:49:45 IST 2021]; root of context hierarchy
2021-10-10 22:49:47,935 INFO org.springframework.context.support.PostProcessorRegistrationDelegate$BeanPostProcessorChecker [restartedMain] Bean 'org.springframework.transaction.annotation.ProxyTransactionManagementConfiguration' of type [org.springframework.transaction.annotation.ProxyTransactionManagementConfiguration$$EnhancerBySpringCGLIB$$f8bb9519] is not eligible for getting processed by all BeanPostProcessors (for example: not eligible for auto-proxying)
2021-10-10 22:49:48,439 INFO org.springframework.boot.web.embedded.tomcat.TomcatWebServer [restartedMain] Tomcat initialized with port(s): 9191 (http)
2021-10-10 22:49:48,470 INFO org.apache.juli.logging.DirectJDKLog [restartedMain] Initializing ProtocolHandler ["http-nio-9191"]
2021-10-10 22:49:48,485 INFO org.apache.juli.logging.DirectJDKLog [restartedMain] Starting service [Tomcat]
2021-10-10 22:49:48,485 INFO org.apache.juli.logging.DirectJDKLog [restartedMain] Starting Servlet Engine: Apache Tomcat/8.5.31
2021-10-10 22:49:48,501 INFO org.apache.juli.logging.DirectJDKLog [localhost-startStop-1] The APR based Apache Tomcat Native library which allows optimal performance in production environments was not found on the java.library.path: [C:\Program Files\Java\jdk1.8.0_131\bin;C:\Windows\Sun\Java\bin;C:\Windows\system32;C:\Windows;C:/Program Files/Java/jre1.8.0_301/bin/server;C:/Program Files/Java/jre1.8.0_301/bin;C:/Program Files/Java/jre1.8.0_301/lib/amd64;C:\Program Files (x86)\Common Files\Oracle\Java\javapath;C:\ProgramData\Oracle\Java\javapath;C:\Program Files (x86)\Common Files\ArcSoft\Bin;C:\Windows\system32;C:\Windows;C:\Windows\System32\Wbem;C:\Windows\System32\WindowsPowerShell\v1.0\;C:\Windows\System32\OpenSSH\;C:\Users\user\AppData\Local\Microsoft\WindowsApps;;E:\Softwares\spring-tool-suite-3.8.4.RELEASE-e4.6.3-win32-x86_64\sts-bundle\sts-3.8.4.RELEASE;;.]
2021-10-10 22:49:48,688 INFO org.apache.juli.logging.DirectJDKLog [localhost-startStop-1] Initializing Spring embedded WebApplicationContext
2021-10-10 22:49:48,688 INFO org.springframework.boot.web.servlet.context.ServletWebServerApplicationContext [localhost-startStop-1] Root WebApplicationContext: initialization completed in 3057 ms
2021-10-10 22:49:49,079 INFO org.springframework.boot.web.servlet.ServletRegistrationBean [localhost-startStop-1] Servlet dispatcherServlet mapped to [/]
2021-10-10 22:49:49,083 INFO org.springframework.boot.web.servlet.ServletRegistrationBean [localhost-startStop-1] Servlet webServlet mapped to [/h2-console/*]
2021-10-10 22:49:49,083 INFO org.springframework.boot.web.servlet.AbstractFilterRegistrationBean [localhost-startStop-1] Mapping filter: 'characterEncodingFilter' to: [/*]
2021-10-10 22:49:49,083 INFO org.springframework.boot.web.servlet.AbstractFilterRegistrationBean [localhost-startStop-1] Mapping filter: 'hiddenHttpMethodFilter' to: [/*]
2021-10-10 22:49:49,083 INFO org.springframework.boot.web.servlet.AbstractFilterRegistrationBean [localhost-startStop-1] Mapping filter: 'httpPutFormContentFilter' to: [/*]
2021-10-10 22:49:49,083 INFO org.springframework.boot.web.servlet.AbstractFilterRegistrationBean [localhost-startStop-1] Mapping filter: 'requestContextFilter' to: [/*]
2021-10-10 22:49:49,379 INFO com.zaxxer.hikari.HikariDataSource [restartedMain] HikariPool-1 - Starting...
2021-10-10 22:49:49,707 INFO com.zaxxer.hikari.HikariDataSource [restartedMain] HikariPool-1 - Start completed.
2021-10-10 22:49:49,770 INFO org.springframework.orm.jpa.LocalContainerEntityManagerFactoryBean [restartedMain] Building JPA container EntityManagerFactory for persistence unit 'default'
2021-10-10 22:49:49,817 INFO org.hibernate.jpa.internal.util.LogHelper [restartedMain] HHH000204: Processing PersistenceUnitInfo [
	name: default
	...]
2021-10-10 22:49:49,989 INFO org.hibernate.Version [restartedMain] HHH000412: Hibernate Core {5.2.17.Final}
2021-10-10 22:49:49,989 INFO org.hibernate.cfg.Environment [restartedMain] HHH000206: hibernate.properties not found
2021-10-10 22:49:50,051 INFO org.hibernate.annotations.common.reflection.java.JavaReflectionManager [restartedMain] HCANN000001: Hibernate Commons Annotations {5.0.1.Final}
2021-10-10 22:49:50,239 INFO org.hibernate.dialect.Dialect [restartedMain] HHH000400: Using dialect: org.hibernate.dialect.MySQL5Dialect
2021-10-10 22:49:51,029 INFO org.springframework.orm.jpa.AbstractEntityManagerFactoryBean [restartedMain] Initialized JPA EntityManagerFactory for persistence unit 'default'
2021-10-10 22:49:51,060 WARN org.springframework.context.support.AbstractApplicationContext [restartedMain] Exception encountered during context initialization - cancelling refresh attempt: org.springframework.beans.factory.UnsatisfiedDependencyException: Error creating bean with name 'studentController': Unsatisfied dependency expressed through field 'studentService'; nested exception is org.springframework.beans.factory.NoSuchBeanDefinitionException: No qualifying bean of type 'com.questglobal.demo.sutdentdemo.service.StudentService' available: expected at least 1 bean which qualifies as autowire candidate. Dependency annotations: {@org.springframework.beans.factory.annotation.Autowired(required=true)}
2021-10-10 22:49:51,060 INFO org.springframework.orm.jpa.AbstractEntityManagerFactoryBean [restartedMain] Closing JPA EntityManagerFactory for persistence unit 'default'
2021-10-10 22:49:51,060 INFO com.zaxxer.hikari.HikariDataSource [restartedMain] HikariPool-1 - Shutdown initiated...
2021-10-10 22:49:51,076 INFO com.zaxxer.hikari.HikariDataSource [restartedMain] HikariPool-1 - Shutdown completed.
2021-10-10 22:49:51,091 INFO org.apache.juli.logging.DirectJDKLog [restartedMain] Stopping service [Tomcat]
2021-10-10 22:49:51,107 INFO org.springframework.boot.autoconfigure.logging.ConditionEvaluationReportLoggingListener [restartedMain] 

Error starting ApplicationContext. To display the conditions report re-run your application with 'debug' enabled.
2021-10-10 22:49:51,413 ERROR org.springframework.boot.diagnostics.LoggingFailureAnalysisReporter [restartedMain] 

***************************
APPLICATION FAILED TO START
***************************

Description:

Field studentService in com.questglobal.demo.sutdentdemo.controller.StudentController required a bean of type 'com.questglobal.demo.sutdentdemo.service.StudentService' that could not be found.


Action:

Consider defining a bean of type 'com.questglobal.demo.sutdentdemo.service.StudentService' in your configuration.

2021-10-10 22:51:05,701 INFO org.springframework.boot.StartupInfoLogger [restartedMain] Starting SutdentDemoApplication on DESKTOP-GEH8C3R with PID 13784 (D:\Quest_Global\sutdent_demo\sutdent_demo\target\classes started by user in D:\Quest_Global\sutdent_demo\sutdent_demo)
2021-10-10 22:51:05,701 INFO org.springframework.boot.SpringApplication [restartedMain] No active profile set, falling back to default profiles: default
2021-10-10 22:51:05,841 INFO org.springframework.context.support.AbstractApplicationContext [restartedMain] Refreshing org.springframework.boot.web.servlet.context.AnnotationConfigServletWebServerApplicationContext@2c56c978: startup date [Sun Oct 10 22:51:05 IST 2021]; root of context hierarchy
2021-10-10 22:51:07,888 INFO org.springframework.context.support.PostProcessorRegistrationDelegate$BeanPostProcessorChecker [restartedMain] Bean 'org.springframework.transaction.annotation.ProxyTransactionManagementConfiguration' of type [org.springframework.transaction.annotation.ProxyTransactionManagementConfiguration$$EnhancerBySpringCGLIB$$da8e6a65] is not eligible for getting processed by all BeanPostProcessors (for example: not eligible for auto-proxying)
2021-10-10 22:51:08,425 INFO org.springframework.boot.web.embedded.tomcat.TomcatWebServer [restartedMain] Tomcat initialized with port(s): 9191 (http)
2021-10-10 22:51:08,456 INFO org.apache.juli.logging.DirectJDKLog [restartedMain] Initializing ProtocolHandler ["http-nio-9191"]
2021-10-10 22:51:08,472 INFO org.apache.juli.logging.DirectJDKLog [restartedMain] Starting service [Tomcat]
2021-10-10 22:51:08,472 INFO org.apache.juli.logging.DirectJDKLog [restartedMain] Starting Servlet Engine: Apache Tomcat/8.5.31
2021-10-10 22:51:08,472 INFO org.apache.juli.logging.DirectJDKLog [localhost-startStop-1] The APR based Apache Tomcat Native library which allows optimal performance in production environments was not found on the java.library.path: [C:\Program Files\Java\jdk1.8.0_131\bin;C:\Windows\Sun\Java\bin;C:\Windows\system32;C:\Windows;C:/Program Files/Java/jre1.8.0_301/bin/server;C:/Program Files/Java/jre1.8.0_301/bin;C:/Program Files/Java/jre1.8.0_301/lib/amd64;C:\Program Files (x86)\Common Files\Oracle\Java\javapath;C:\ProgramData\Oracle\Java\javapath;C:\Program Files (x86)\Common Files\ArcSoft\Bin;C:\Windows\system32;C:\Windows;C:\Windows\System32\Wbem;C:\Windows\System32\WindowsPowerShell\v1.0\;C:\Windows\System32\OpenSSH\;C:\Users\user\AppData\Local\Microsoft\WindowsApps;;E:\Softwares\spring-tool-suite-3.8.4.RELEASE-e4.6.3-win32-x86_64\sts-bundle\sts-3.8.4.RELEASE;;.]
2021-10-10 22:51:08,753 INFO org.apache.juli.logging.DirectJDKLog [localhost-startStop-1] Initializing Spring embedded WebApplicationContext
2021-10-10 22:51:08,753 INFO org.springframework.boot.web.servlet.context.ServletWebServerApplicationContext [localhost-startStop-1] Root WebApplicationContext: initialization completed in 2912 ms
2021-10-10 22:51:08,987 INFO org.springframework.boot.web.servlet.ServletRegistrationBean [localhost-startStop-1] Servlet dispatcherServlet mapped to [/]
2021-10-10 22:51:09,005 INFO org.springframework.boot.web.servlet.ServletRegistrationBean [localhost-startStop-1] Servlet webServlet mapped to [/h2-console/*]
2021-10-10 22:51:09,005 INFO org.springframework.boot.web.servlet.AbstractFilterRegistrationBean [localhost-startStop-1] Mapping filter: 'characterEncodingFilter' to: [/*]
2021-10-10 22:51:09,005 INFO org.springframework.boot.web.servlet.AbstractFilterRegistrationBean [localhost-startStop-1] Mapping filter: 'hiddenHttpMethodFilter' to: [/*]
2021-10-10 22:51:09,005 INFO org.springframework.boot.web.servlet.AbstractFilterRegistrationBean [localhost-startStop-1] Mapping filter: 'httpPutFormContentFilter' to: [/*]
2021-10-10 22:51:09,005 INFO org.springframework.boot.web.servlet.AbstractFilterRegistrationBean [localhost-startStop-1] Mapping filter: 'requestContextFilter' to: [/*]
2021-10-10 22:51:09,395 INFO com.zaxxer.hikari.HikariDataSource [restartedMain] HikariPool-1 - Starting...
2021-10-10 22:51:09,723 INFO com.zaxxer.hikari.HikariDataSource [restartedMain] HikariPool-1 - Start completed.
2021-10-10 22:51:09,786 INFO org.springframework.orm.jpa.LocalContainerEntityManagerFactoryBean [restartedMain] Building JPA container EntityManagerFactory for persistence unit 'default'
2021-10-10 22:51:09,817 INFO org.hibernate.jpa.internal.util.LogHelper [restartedMain] HHH000204: Processing PersistenceUnitInfo [
	name: default
	...]
2021-10-10 22:51:10,020 INFO org.hibernate.Version [restartedMain] HHH000412: Hibernate Core {5.2.17.Final}
2021-10-10 22:51:10,026 INFO org.hibernate.cfg.Environment [restartedMain] HHH000206: hibernate.properties not found
2021-10-10 22:51:10,089 INFO org.hibernate.annotations.common.reflection.java.JavaReflectionManager [restartedMain] HCANN000001: Hibernate Commons Annotations {5.0.1.Final}
2021-10-10 22:51:10,276 INFO org.hibernate.dialect.Dialect [restartedMain] HHH000400: Using dialect: org.hibernate.dialect.MySQL5Dialect
2021-10-10 22:51:11,068 INFO org.springframework.orm.jpa.AbstractEntityManagerFactoryBean [restartedMain] Initialized JPA EntityManagerFactory for persistence unit 'default'
2021-10-10 22:51:11,708 INFO org.springframework.web.servlet.handler.AbstractUrlHandlerMapping [restartedMain] Mapped URL path [/**/favicon.ico] onto handler of type [class org.springframework.web.servlet.resource.ResourceHttpRequestHandler]
2021-10-10 22:51:12,114 INFO org.springframework.web.servlet.mvc.method.annotation.RequestMappingHandlerAdapter [restartedMain] Looking for @ControllerAdvice: org.springframework.boot.web.servlet.context.AnnotationConfigServletWebServerApplicationContext@2c56c978: startup date [Sun Oct 10 22:51:05 IST 2021]; root of context hierarchy
2021-10-10 22:51:12,168 WARN org.springframework.boot.autoconfigure.orm.jpa.JpaBaseConfiguration$JpaWebConfiguration$JpaWebMvcConfiguration [restartedMain] spring.jpa.open-in-view is enabled by default. Therefore, database queries may be performed during view rendering. Explicitly configure spring.jpa.open-in-view to disable this warning
2021-10-10 22:51:12,247 INFO org.springframework.web.servlet.handler.AbstractHandlerMethodMapping$MappingRegistry [restartedMain] Mapped "{[/findStudentById/{id}],methods=[GET]}" onto public com.questglobal.demo.sutdentdemo.entity.Student com.questglobal.demo.sutdentdemo.controller.StudentController.findStudentById(java.lang.Integer)
2021-10-10 22:51:12,247 INFO org.springframework.web.servlet.handler.AbstractHandlerMethodMapping$MappingRegistry [restartedMain] Mapped "{[/updateStudent],methods=[POST]}" onto public com.questglobal.demo.sutdentdemo.entity.Student com.questglobal.demo.sutdentdemo.controller.StudentController.updateStudent(com.questglobal.demo.sutdentdemo.entity.Student)
2021-10-10 22:51:12,247 INFO org.springframework.web.servlet.handler.AbstractHandlerMethodMapping$MappingRegistry [restartedMain] Mapped "{[/getAllStudents],methods=[GET]}" onto public java.util.List<com.questglobal.demo.sutdentdemo.entity.Student> com.questglobal.demo.sutdentdemo.controller.StudentController.getAllStudents()
2021-10-10 22:51:12,247 INFO org.springframework.web.servlet.handler.AbstractHandlerMethodMapping$MappingRegistry [restartedMain] Mapped "{[/removeStudent],methods=[DELETE]}" onto public java.lang.String com.questglobal.demo.sutdentdemo.controller.StudentController.removeStudent(java.lang.Integer)
2021-10-10 22:51:12,247 INFO org.springframework.web.servlet.handler.AbstractHandlerMethodMapping$MappingRegistry [restartedMain] Mapped "{[/registerAllStudent],methods=[POST]}" onto public java.util.List<com.questglobal.demo.sutdentdemo.entity.Student> com.questglobal.demo.sutdentdemo.controller.StudentController.saveStudents(java.util.List<com.questglobal.demo.sutdentdemo.entity.Student>)
2021-10-10 22:51:12,262 INFO org.springframework.web.servlet.handler.AbstractHandlerMethodMapping$MappingRegistry [restartedMain] Mapped "{[/registerStudent],methods=[POST]}" onto public com.questglobal.demo.sutdentdemo.entity.Student com.questglobal.demo.sutdentdemo.controller.StudentController.addStudent(com.questglobal.demo.sutdentdemo.entity.Student)
2021-10-10 22:51:12,262 INFO org.springframework.web.servlet.handler.AbstractHandlerMethodMapping$MappingRegistry [restartedMain] Mapped "{[/getAllStudentsByClass/{className}],methods=[GET]}" onto public java.util.List<com.questglobal.demo.sutdentdemo.entity.Student> com.questglobal.demo.sutdentdemo.controller.StudentController.getAllStudentsByClass(java.lang.String)
2021-10-10 22:51:12,262 INFO org.springframework.web.servlet.handler.AbstractHandlerMethodMapping$MappingRegistry [restartedMain] Mapped "{[/error]}" onto public org.springframework.http.ResponseEntity<java.util.Map<java.lang.String, java.lang.Object>> org.springframework.boot.autoconfigure.web.servlet.error.BasicErrorController.error(javax.servlet.http.HttpServletRequest)
2021-10-10 22:51:12,262 INFO org.springframework.web.servlet.handler.AbstractHandlerMethodMapping$MappingRegistry [restartedMain] Mapped "{[/error],produces=[text/html]}" onto public org.springframework.web.servlet.ModelAndView org.springframework.boot.autoconfigure.web.servlet.error.BasicErrorController.errorHtml(javax.servlet.http.HttpServletRequest,javax.servlet.http.HttpServletResponse)
2021-10-10 22:51:12,325 INFO org.springframework.web.servlet.handler.AbstractUrlHandlerMapping [restartedMain] Mapped URL path [/webjars/**] onto handler of type [class org.springframework.web.servlet.resource.ResourceHttpRequestHandler]
2021-10-10 22:51:12,325 INFO org.springframework.web.servlet.handler.AbstractUrlHandlerMapping [restartedMain] Mapped URL path [/**] onto handler of type [class org.springframework.web.servlet.resource.ResourceHttpRequestHandler]
2021-10-10 22:51:12,815 INFO org.springframework.boot.devtools.autoconfigure.OptionalLiveReloadServer [restartedMain] LiveReload server is running on port 35729
2021-10-10 22:51:12,861 INFO org.springframework.jmx.export.MBeanExporter [restartedMain] Registering beans for JMX exposure on startup
2021-10-10 22:51:12,861 INFO org.springframework.jmx.export.MBeanExporter [restartedMain] Bean with name 'dataSource' has been autodetected for JMX exposure
2021-10-10 22:51:12,861 INFO org.springframework.jmx.export.MBeanExporter [restartedMain] Located MBean 'dataSource': registering with JMX server as MBean [com.zaxxer.hikari:name=dataSource,type=HikariDataSource]
2021-10-10 22:51:12,906 INFO org.apache.juli.logging.DirectJDKLog [restartedMain] Starting ProtocolHandler ["http-nio-9191"]
2021-10-10 22:51:12,928 INFO org.apache.juli.logging.DirectJDKLog [restartedMain] Using a shared selector for servlet write/read
2021-10-10 22:51:12,959 INFO org.springframework.boot.web.embedded.tomcat.TomcatWebServer [restartedMain] Tomcat started on port(s): 9191 (http) with context path ''
2021-10-10 22:51:12,959 INFO org.springframework.boot.StartupInfoLogger [restartedMain] Started SutdentDemoApplication in 7.943 seconds (JVM running for 9.084)
2021-10-10 22:51:38,439 INFO org.apache.juli.logging.DirectJDKLog [http-nio-9191-exec-9] Initializing Spring FrameworkServlet 'dispatcherServlet'
2021-10-10 22:51:38,440 INFO org.springframework.web.servlet.FrameworkServlet [http-nio-9191-exec-9] FrameworkServlet 'dispatcherServlet': initialization started
2021-10-10 22:51:38,475 INFO org.springframework.web.servlet.FrameworkServlet [http-nio-9191-exec-9] FrameworkServlet 'dispatcherServlet': initialization completed in 35 ms
2021-10-10 23:33:24,815 INFO org.springframework.boot.admin.SpringApplicationAdminMXBeanRegistrar$SpringApplicationAdmin [RMI TCP Connection(2)-127.0.0.1] Application shutdown requested.
2021-10-10 23:33:24,817 INFO org.springframework.context.support.AbstractApplicationContext [RMI TCP Connection(2)-127.0.0.1] Closing org.springframework.boot.web.servlet.context.AnnotationConfigServletWebServerApplicationContext@2c56c978: startup date [Sun Oct 10 22:51:05 IST 2021]; root of context hierarchy
2021-10-10 23:33:24,825 INFO org.springframework.jmx.export.MBeanExporter [RMI TCP Connection(2)-127.0.0.1] Unregistering JMX-exposed beans on shutdown
2021-10-10 23:33:24,828 INFO org.springframework.jmx.support.MBeanRegistrationSupport [RMI TCP Connection(2)-127.0.0.1] Unregistering JMX-exposed beans
2021-10-10 23:33:24,830 INFO org.springframework.orm.jpa.AbstractEntityManagerFactoryBean [RMI TCP Connection(2)-127.0.0.1] Closing JPA EntityManagerFactory for persistence unit 'default'
2021-10-10 23:33:24,835 INFO com.zaxxer.hikari.HikariDataSource [RMI TCP Connection(2)-127.0.0.1] HikariPool-1 - Shutdown initiated...
2021-10-10 23:33:24,848 INFO com.zaxxer.hikari.HikariDataSource [RMI TCP Connection(2)-127.0.0.1] HikariPool-1 - Shutdown completed.
