2021-10-11 20:26:23,643 INFO org.apache.juli.logging.DirectJDKLog [http-nio-9192-exec-2] Initializing Spring FrameworkServlet 'dispatcherServlet'
2021-10-11 20:26:23,644 INFO org.springframework.web.servlet.FrameworkServlet [http-nio-9192-exec-2] FrameworkServlet 'dispatcherServlet': initialization started
2021-10-11 20:26:23,708 INFO org.springframework.web.servlet.FrameworkServlet [http-nio-9192-exec-2] FrameworkServlet 'dispatcherServlet': initialization completed in 63 ms
2021-10-11 20:26:23,925 ERROR org.apache.juli.logging.DirectJDKLog [http-nio-9192-exec-2] Servlet.service() for servlet [dispatcherServlet] in context with path [] threw exception [Request processing failed; nested exception is java.lang.NullPointerException] with root cause
java.lang.NullPointerException: null
	at com.questglobal.demo.sutdentdemo.service.StudentService.findStudentById(StudentService.java:67)
	at com.questglobal.demo.sutdentdemo.controller.StudentController.findStudentById(StudentController.java:54)
	at sun.reflect.NativeMethodAccessorImpl.invoke0(Native Method)
	at sun.reflect.NativeMethodAccessorImpl.invoke(NativeMethodAccessorImpl.java:62)
	at sun.reflect.DelegatingMethodAccessorImpl.invoke(DelegatingMethodAccessorImpl.java:43)
	at java.lang.reflect.Method.invoke(Method.java:498)
	at org.springframework.web.method.support.InvocableHandlerMethod.doInvoke(InvocableHandlerMethod.java:209)
	at org.springframework.web.method.support.InvocableHandlerMethod.invokeForRequest(InvocableHandlerMethod.java:136)
	at org.springframework.web.servlet.mvc.method.annotation.ServletInvocableHandlerMethod.invokeAndHandle(ServletInvocableHandlerMethod.java:102)
	at org.springframework.web.servlet.mvc.method.annotation.RequestMappingHandlerAdapter.invokeHandlerMethod(RequestMappingHandlerAdapter.java:877)
	at org.springframework.web.servlet.mvc.method.annotation.RequestMappingHandlerAdapter.handleInternal(RequestMappingHandlerAdapter.java:783)
	at org.springframework.web.servlet.mvc.method.AbstractHandlerMethodAdapter.handle(AbstractHandlerMethodAdapter.java:87)
	at org.springframework.web.servlet.DispatcherServlet.doDispatch(DispatcherServlet.java:991)
	at org.springframework.web.servlet.DispatcherServlet.doService(DispatcherServlet.java:925)
	at org.springframework.web.servlet.FrameworkServlet.processRequest(FrameworkServlet.java:974)
	at org.springframework.web.servlet.FrameworkServlet.doGet(FrameworkServlet.java:866)
	at javax.servlet.http.HttpServlet.service(HttpServlet.java:635)
	at org.springframework.web.servlet.FrameworkServlet.service(FrameworkServlet.java:851)
	at javax.servlet.http.HttpServlet.service(HttpServlet.java:742)
	at org.apache.catalina.core.ApplicationFilterChain.internalDoFilter(ApplicationFilterChain.java:231)
	at org.apache.catalina.core.ApplicationFilterChain.doFilter(ApplicationFilterChain.java:166)
	at org.apache.tomcat.websocket.server.WsFilter.doFilter(WsFilter.java:52)
	at org.apache.catalina.core.ApplicationFilterChain.internalDoFilter(ApplicationFilterChain.java:193)
	at org.apache.catalina.core.ApplicationFilterChain.doFilter(ApplicationFilterChain.java:166)
	at org.springframework.web.filter.RequestContextFilter.doFilterInternal(RequestContextFilter.java:99)
	at org.springframework.web.filter.OncePerRequestFilter.doFilter(OncePerRequestFilter.java:107)
	at org.apache.catalina.core.ApplicationFilterChain.internalDoFilter(ApplicationFilterChain.java:193)
	at org.apache.catalina.core.ApplicationFilterChain.doFilter(ApplicationFilterChain.java:166)
	at org.springframework.web.filter.HttpPutFormContentFilter.doFilterInternal(HttpPutFormContentFilter.java:109)
	at org.springframework.web.filter.OncePerRequestFilter.doFilter(OncePerRequestFilter.java:107)
	at org.apache.catalina.core.ApplicationFilterChain.internalDoFilter(ApplicationFilterChain.java:193)
	at org.apache.catalina.core.ApplicationFilterChain.doFilter(ApplicationFilterChain.java:166)
	at org.springframework.web.filter.HiddenHttpMethodFilter.doFilterInternal(HiddenHttpMethodFilter.java:93)
	at org.springframework.web.filter.OncePerRequestFilter.doFilter(OncePerRequestFilter.java:107)
	at org.apache.catalina.core.ApplicationFilterChain.internalDoFilter(ApplicationFilterChain.java:193)
	at org.apache.catalina.core.ApplicationFilterChain.doFilter(ApplicationFilterChain.java:166)
	at org.springframework.web.filter.CharacterEncodingFilter.doFilterInternal(CharacterEncodingFilter.java:200)
	at org.springframework.web.filter.OncePerRequestFilter.doFilter(OncePerRequestFilter.java:107)
	at org.apache.catalina.core.ApplicationFilterChain.internalDoFilter(ApplicationFilterChain.java:193)
	at org.apache.catalina.core.ApplicationFilterChain.doFilter(ApplicationFilterChain.java:166)
	at org.apache.catalina.core.StandardWrapperValve.invoke(StandardWrapperValve.java:198)
	at org.apache.catalina.core.StandardContextValve.invoke(StandardContextValve.java:96)
	at org.apache.catalina.authenticator.AuthenticatorBase.invoke(AuthenticatorBase.java:496)
	at org.apache.catalina.core.StandardHostValve.invoke(StandardHostValve.java:140)
	at org.apache.catalina.valves.ErrorReportValve.invoke(ErrorReportValve.java:81)
	at org.apache.catalina.core.StandardEngineValve.invoke(StandardEngineValve.java:87)
	at org.apache.catalina.connector.CoyoteAdapter.service(CoyoteAdapter.java:342)
	at org.apache.coyote.http11.Http11Processor.service(Http11Processor.java:803)
	at org.apache.coyote.AbstractProcessorLight.process(AbstractProcessorLight.java:66)
	at org.apache.coyote.AbstractProtocol$ConnectionHandler.process(AbstractProtocol.java:790)
	at org.apache.tomcat.util.net.NioEndpoint$SocketProcessor.doRun(NioEndpoint.java:1468)
	at org.apache.tomcat.util.net.SocketProcessorBase.run(SocketProcessorBase.java:49)
	at java.util.concurrent.ThreadPoolExecutor.runWorker(ThreadPoolExecutor.java:1142)
	at java.util.concurrent.ThreadPoolExecutor$Worker.run(ThreadPoolExecutor.java:617)
	at org.apache.tomcat.util.threads.TaskThread$WrappingRunnable.run(TaskThread.java:61)
	at java.lang.Thread.run(Thread.java:748)
2021-10-11 20:31:07,432 INFO org.springframework.boot.admin.SpringApplicationAdminMXBeanRegistrar$SpringApplicationAdmin [RMI TCP Connection(11)-127.0.0.1] Application shutdown requested.
2021-10-11 20:31:07,434 INFO org.springframework.context.support.AbstractApplicationContext [RMI TCP Connection(11)-127.0.0.1] Closing org.springframework.boot.web.servlet.context.AnnotationConfigServletWebServerApplicationContext@16cacb93: startup date [Mon Oct 11 20:25:04 IST 2021]; root of context hierarchy
2021-10-11 20:31:07,440 INFO org.springframework.jmx.export.MBeanExporter [RMI TCP Connection(11)-127.0.0.1] Unregistering JMX-exposed beans on shutdown
2021-10-11 20:31:07,441 INFO org.springframework.jmx.support.MBeanRegistrationSupport [RMI TCP Connection(11)-127.0.0.1] Unregistering JMX-exposed beans
2021-10-11 20:31:07,444 INFO org.springframework.orm.jpa.AbstractEntityManagerFactoryBean [RMI TCP Connection(11)-127.0.0.1] Closing JPA EntityManagerFactory for persistence unit 'default'
2021-10-11 20:31:07,447 INFO com.zaxxer.hikari.HikariDataSource [RMI TCP Connection(11)-127.0.0.1] HikariPool-1 - Shutdown initiated...
2021-10-11 20:31:07,466 INFO com.zaxxer.hikari.HikariDataSource [RMI TCP Connection(11)-127.0.0.1] HikariPool-1 - Shutdown completed.
2021-10-11 20:31:27,415 INFO org.springframework.boot.StartupInfoLogger [restartedMain] Starting SutdentDemoApplication on DESKTOP-GEH8C3R with PID 8412 (D:\Quest_Global\sutdent_demo\sutdent_demo\target\classes started by user in D:\Quest_Global\sutdent_demo\sutdent_demo)
2021-10-11 20:31:27,420 INFO org.springframework.boot.SpringApplication [restartedMain] No active profile set, falling back to default profiles: default
2021-10-11 20:31:27,567 INFO org.springframework.context.support.AbstractApplicationContext [restartedMain] Refreshing org.springframework.boot.web.servlet.context.AnnotationConfigServletWebServerApplicationContext@5ef8bda4: startup date [Mon Oct 11 20:31:27 IST 2021]; root of context hierarchy
2021-10-11 20:31:30,771 INFO org.springframework.context.support.PostProcessorRegistrationDelegate$BeanPostProcessorChecker [restartedMain] Bean 'org.springframework.transaction.annotation.ProxyTransactionManagementConfiguration' of type [org.springframework.transaction.annotation.ProxyTransactionManagementConfiguration$$EnhancerBySpringCGLIB$$d5ac9b02] is not eligible for getting processed by all BeanPostProcessors (for example: not eligible for auto-proxying)
2021-10-11 20:31:32,231 INFO org.springframework.boot.web.embedded.tomcat.TomcatWebServer [restartedMain] Tomcat initialized with port(s): 9192 (http)
2021-10-11 20:31:32,548 INFO org.apache.juli.logging.DirectJDKLog [restartedMain] Initializing ProtocolHandler ["http-nio-9192"]
2021-10-11 20:31:32,579 INFO org.apache.juli.logging.DirectJDKLog [restartedMain] Starting service [Tomcat]
2021-10-11 20:31:32,750 INFO org.apache.juli.logging.DirectJDKLog [restartedMain] Starting Servlet Engine: Apache Tomcat/8.5.31
2021-10-11 20:31:32,814 INFO org.apache.juli.logging.DirectJDKLog [localhost-startStop-1] The APR based Apache Tomcat Native library which allows optimal performance in production environments was not found on the java.library.path: [C:\Program Files\Java\jdk1.8.0_131\bin;C:\Windows\Sun\Java\bin;C:\Windows\system32;C:\Windows;C:/Program Files/Java/jre1.8.0_301/bin/server;C:/Program Files/Java/jre1.8.0_301/bin;C:/Program Files/Java/jre1.8.0_301/lib/amd64;C:\Program Files (x86)\Common Files\Oracle\Java\javapath;C:\ProgramData\Oracle\Java\javapath;C:\Program Files (x86)\Common Files\ArcSoft\Bin;C:\Windows\system32;C:\Windows;C:\Windows\System32\Wbem;C:\Windows\System32\WindowsPowerShell\v1.0\;C:\Windows\System32\OpenSSH\;C:\Users\user\AppData\Local\Microsoft\WindowsApps;;E:\Softwares\spring-tool-suite-3.8.4.RELEASE-e4.6.3-win32-x86_64\sts-bundle\sts-3.8.4.RELEASE;;.]
2021-10-11 20:31:33,586 INFO org.apache.juli.logging.DirectJDKLog [localhost-startStop-1] Initializing Spring embedded WebApplicationContext
2021-10-11 20:31:33,589 INFO org.springframework.boot.web.servlet.context.ServletWebServerApplicationContext [localhost-startStop-1] Root WebApplicationContext: initialization completed in 6022 ms
2021-10-11 20:31:33,982 INFO org.springframework.boot.web.servlet.ServletRegistrationBean [localhost-startStop-1] Servlet dispatcherServlet mapped to [/]
2021-10-11 20:31:33,987 INFO org.springframework.boot.web.servlet.ServletRegistrationBean [localhost-startStop-1] Servlet webServlet mapped to [/h2-console/*]
2021-10-11 20:31:33,992 INFO org.springframework.boot.web.servlet.AbstractFilterRegistrationBean [localhost-startStop-1] Mapping filter: 'characterEncodingFilter' to: [/*]
2021-10-11 20:31:33,992 INFO org.springframework.boot.web.servlet.AbstractFilterRegistrationBean [localhost-startStop-1] Mapping filter: 'hiddenHttpMethodFilter' to: [/*]
2021-10-11 20:31:33,992 INFO org.springframework.boot.web.servlet.AbstractFilterRegistrationBean [localhost-startStop-1] Mapping filter: 'httpPutFormContentFilter' to: [/*]
2021-10-11 20:31:33,992 INFO org.springframework.boot.web.servlet.AbstractFilterRegistrationBean [localhost-startStop-1] Mapping filter: 'requestContextFilter' to: [/*]
2021-10-11 20:31:34,889 INFO com.zaxxer.hikari.HikariDataSource [restartedMain] HikariPool-1 - Starting...
2021-10-11 20:31:35,447 INFO com.zaxxer.hikari.HikariDataSource [restartedMain] HikariPool-1 - Start completed.
2021-10-11 20:31:35,602 INFO org.springframework.orm.jpa.LocalContainerEntityManagerFactoryBean [restartedMain] Building JPA container EntityManagerFactory for persistence unit 'default'
2021-10-11 20:31:35,777 INFO org.hibernate.jpa.internal.util.LogHelper [restartedMain] HHH000204: Processing PersistenceUnitInfo [
	name: default
	...]
2021-10-11 20:31:36,270 INFO org.hibernate.Version [restartedMain] HHH000412: Hibernate Core {5.2.17.Final}
2021-10-11 20:31:36,308 INFO org.hibernate.cfg.Environment [restartedMain] HHH000206: hibernate.properties not found
2021-10-11 20:31:36,480 INFO org.hibernate.annotations.common.reflection.java.JavaReflectionManager [restartedMain] HCANN000001: Hibernate Commons Annotations {5.0.1.Final}
2021-10-11 20:31:37,011 INFO org.hibernate.dialect.Dialect [restartedMain] HHH000400: Using dialect: org.hibernate.dialect.MySQL5Dialect
2021-10-11 20:31:39,998 INFO org.springframework.orm.jpa.AbstractEntityManagerFactoryBean [restartedMain] Initialized JPA EntityManagerFactory for persistence unit 'default'
2021-10-11 20:31:42,610 INFO org.springframework.web.servlet.handler.AbstractUrlHandlerMapping [restartedMain] Mapped URL path [/**/favicon.ico] onto handler of type [class org.springframework.web.servlet.resource.ResourceHttpRequestHandler]
2021-10-11 20:31:44,128 INFO org.springframework.web.servlet.mvc.method.annotation.RequestMappingHandlerAdapter [restartedMain] Looking for @ControllerAdvice: org.springframework.boot.web.servlet.context.AnnotationConfigServletWebServerApplicationContext@5ef8bda4: startup date [Mon Oct 11 20:31:27 IST 2021]; root of context hierarchy
2021-10-11 20:31:44,869 WARN org.springframework.boot.autoconfigure.orm.jpa.JpaBaseConfiguration$JpaWebConfiguration$JpaWebMvcConfiguration [restartedMain] spring.jpa.open-in-view is enabled by default. Therefore, database queries may be performed during view rendering. Explicitly configure spring.jpa.open-in-view to disable this warning
2021-10-11 20:31:45,137 INFO org.springframework.web.servlet.handler.AbstractHandlerMethodMapping$MappingRegistry [restartedMain] Mapped "{[/getAllStudentsByClass/{className}],methods=[GET]}" onto public org.springframework.http.ResponseEntity<java.util.List<com.questglobal.demo.sutdentdemo.response.StudentReponse>> com.questglobal.demo.sutdentdemo.controller.StudentController.getAllStudentsByClass(java.lang.String)
2021-10-11 20:31:45,147 INFO org.springframework.web.servlet.handler.AbstractHandlerMethodMapping$MappingRegistry [restartedMain] Mapped "{[/getAllStudents],methods=[GET]}" onto public org.springframework.http.ResponseEntity<java.util.List<com.questglobal.demo.sutdentdemo.response.StudentReponse>> com.questglobal.demo.sutdentdemo.controller.StudentController.getAllStudents()
2021-10-11 20:31:45,148 INFO org.springframework.web.servlet.handler.AbstractHandlerMethodMapping$MappingRegistry [restartedMain] Mapped "{[/removeStudent/{id}],methods=[DELETE]}" onto public java.lang.String com.questglobal.demo.sutdentdemo.controller.StudentController.removeStudent(java.lang.Integer)
2021-10-11 20:31:45,148 INFO org.springframework.web.servlet.handler.AbstractHandlerMethodMapping$MappingRegistry [restartedMain] Mapped "{[/updateStudent],methods=[POST]}" onto public com.questglobal.demo.sutdentdemo.entity.Student com.questglobal.demo.sutdentdemo.controller.StudentController.updateStudent(com.questglobal.demo.sutdentdemo.entity.Student)
2021-10-11 20:31:45,148 INFO org.springframework.web.servlet.handler.AbstractHandlerMethodMapping$MappingRegistry [restartedMain] Mapped "{[/registerAllStudent],methods=[POST]}" onto public java.util.List<com.questglobal.demo.sutdentdemo.entity.Student> com.questglobal.demo.sutdentdemo.controller.StudentController.saveStudents(java.util.List<com.questglobal.demo.sutdentdemo.entity.Student>)
2021-10-11 20:31:45,148 INFO org.springframework.web.servlet.handler.AbstractHandlerMethodMapping$MappingRegistry [restartedMain] Mapped "{[/registerStudent],methods=[POST]}" onto public com.questglobal.demo.sutdentdemo.entity.Student com.questglobal.demo.sutdentdemo.controller.StudentController.addStudent(com.questglobal.demo.sutdentdemo.entity.Student)
2021-10-11 20:31:45,148 INFO org.springframework.web.servlet.handler.AbstractHandlerMethodMapping$MappingRegistry [restartedMain] Mapped "{[/findStudentById/{id}],methods=[GET]}" onto public org.springframework.http.ResponseEntity<com.questglobal.demo.sutdentdemo.response.StudentReponse> com.questglobal.demo.sutdentdemo.controller.StudentController.findStudentById(java.lang.Integer)
2021-10-11 20:31:45,148 INFO org.springframework.web.servlet.handler.AbstractHandlerMethodMapping$MappingRegistry [restartedMain] Mapped "{[/error]}" onto public org.springframework.http.ResponseEntity<java.util.Map<java.lang.String, java.lang.Object>> org.springframework.boot.autoconfigure.web.servlet.error.BasicErrorController.error(javax.servlet.http.HttpServletRequest)
2021-10-11 20:31:45,148 INFO org.springframework.web.servlet.handler.AbstractHandlerMethodMapping$MappingRegistry [restartedMain] Mapped "{[/error],produces=[text/html]}" onto public org.springframework.web.servlet.ModelAndView org.springframework.boot.autoconfigure.web.servlet.error.BasicErrorController.errorHtml(javax.servlet.http.HttpServletRequest,javax.servlet.http.HttpServletResponse)
2021-10-11 20:31:45,360 INFO org.springframework.web.servlet.handler.AbstractUrlHandlerMapping [restartedMain] Mapped URL path [/webjars/**] onto handler of type [class org.springframework.web.servlet.resource.ResourceHttpRequestHandler]
2021-10-11 20:31:45,360 INFO org.springframework.web.servlet.handler.AbstractUrlHandlerMapping [restartedMain] Mapped URL path [/**] onto handler of type [class org.springframework.web.servlet.resource.ResourceHttpRequestHandler]
2021-10-11 20:31:47,553 INFO org.springframework.boot.devtools.autoconfigure.OptionalLiveReloadServer [restartedMain] LiveReload server is running on port 35729
2021-10-11 20:31:48,080 INFO org.springframework.jmx.export.MBeanExporter [restartedMain] Registering beans for JMX exposure on startup
2021-10-11 20:31:48,148 INFO org.springframework.jmx.export.MBeanExporter [restartedMain] Bean with name 'dataSource' has been autodetected for JMX exposure
2021-10-11 20:31:48,148 INFO org.springframework.jmx.export.MBeanExporter [restartedMain] Located MBean 'dataSource': registering with JMX server as MBean [com.zaxxer.hikari:name=dataSource,type=HikariDataSource]
2021-10-11 20:31:48,179 INFO org.apache.juli.logging.DirectJDKLog [restartedMain] Starting ProtocolHandler ["http-nio-9192"]
2021-10-11 20:31:48,676 INFO org.apache.juli.logging.DirectJDKLog [restartedMain] Using a shared selector for servlet write/read
2021-10-11 20:31:48,957 INFO org.springframework.boot.web.embedded.tomcat.TomcatWebServer [restartedMain] Tomcat started on port(s): 9192 (http) with context path ''
2021-10-11 20:31:48,957 INFO org.springframework.boot.StartupInfoLogger [restartedMain] Started SutdentDemoApplication in 22.495 seconds (JVM running for 24.985)
2021-10-11 20:33:00,235 INFO org.apache.juli.logging.DirectJDKLog [http-nio-9192-exec-9] Initializing Spring FrameworkServlet 'dispatcherServlet'
2021-10-11 20:33:00,235 INFO org.springframework.web.servlet.FrameworkServlet [http-nio-9192-exec-9] FrameworkServlet 'dispatcherServlet': initialization started
2021-10-11 20:33:00,286 INFO org.springframework.web.servlet.FrameworkServlet [http-nio-9192-exec-9] FrameworkServlet 'dispatcherServlet': initialization completed in 47 ms
2021-10-11 20:33:00,591 INFO org.hibernate.hql.internal.QueryTranslatorFactoryInitiator [http-nio-9192-exec-9] HHH000397: Using ASTQueryTranslatorFactory
2021-10-11 20:54:37,762 WARN com.zaxxer.hikari.pool.HikariPool$HouseKeeper [HikariPool-1 housekeeper] HikariPool-1 - Thread starvation or clock leap detected (housekeeper delta=2m31s888ms863µs900ns).
2021-10-11 21:56:16,192 WARN com.zaxxer.hikari.pool.HikariPool$HouseKeeper [HikariPool-1 housekeeper] HikariPool-1 - Thread starvation or clock leap detected (housekeeper delta=44m8s91ms382µs600ns).
